<?xml version="1.0" encoding="UTF-8"?>
<!-- Generated by org.testng.reporters.JUnitReportReporter -->
<testsuite hostname="LAPTOP-KCK80MQ9" failures="0" tests="1" name="com.qaTestCase.AddToCartTest" time="6.909" errors="0" timestamp="2024-01-06T21:08:25 EST" skipped="0">
  <testcase classname="com.qaTestCase.AddToCartTest" name="AddToCart" time="6.909"/>
</testsuite> <!-- com.qaTestCase.AddToCartTest -->
